<?xml version="1.0" encoding="UTF-8"?>
<!-- Generated by org.testng.reporters.JUnitReportReporter -->
<testsuite hostname="I-107140.local" name="automationmoboltproduct.Programs" tests="11" failures="0" timestamp="13 Mar 2015 07:11:24 GMT" time="0.076" errors="0">
  <testcase name="stringseperation" time="0.026" classname="automationmoboltproduct.Programs"/>
  <testcase name="reversenum" time="0.001" classname="automationmoboltproduct.Programs"/>
  <testcase name="reversestring" time="0.001" classname="automationmoboltproduct.Programs"/>
  <testcase name="swap" time="0.000" classname="automationmoboltproduct.Programs"/>
  <testcase name="sumofsquaresoftennum" time="0.001" classname="automationmoboltproduct.Programs"/>
  <testcase name="sumoftennum" time="0.001" classname="automationmoboltproduct.Programs"/>
  <testcase name="sumofcubesoftennum" time="0.000" classname="automationmoboltproduct.Programs"/>
  <testcase name="factorial" time="0.016" classname="automationmoboltproduct.Programs"/>
  <testcase name="multiplicationtable" time="0.001" classname="automationmoboltproduct.Programs"/>
  <testcase name="revstringbuffer" time="0.000" classname="automationmoboltproduct.Programs"/>
  <testcase name="fibonacii" time="0.029" classname="automationmoboltproduct.Programs"/>
</testsuite> <!-- automationmoboltproduct.Programs -->
