<?xml version="1.0" encoding="UTF-8"?>
<!-- Generated by org.testng.reporters.JUnitReportReporter -->
<testsuite hostname="I-107140.local" name="automationmoboltproduct.Javascriptextraction" tests="1" failures="0" timestamp="26 May 2015 07:18:18 GMT" time="37.155" errors="0">
  <testcase name="f" time="37.155" classname="automationmoboltproduct.Javascriptextraction"/>
</testsuite> <!-- automationmoboltproduct.Javascriptextraction -->
